TN:
SF:src\app\app.config.ts
FNF:0
FNH:0
DA:1,0
DA:2,0
DA:3,0
DA:4,0
DA:5,0
DA:6,0
DA:7,0
DA:9,0
DA:10,0
DA:11,0
DA:12,0
DA:13,0
DA:14,0
DA:15,0
DA:16,0
DA:18,0
LF:16
LH:0
BRDA:30,0,0,0
BRDA:30,0,1,0
BRF:2
BRH:0
end_of_record
TN:
SF:src\app\app.routes.ts
FN:7,(anonymous_9)
FN:8,(anonymous_10)
FN:8,(anonymous_11)
FN:12,(anonymous_12)
FN:13,(anonymous_13)
FN:13,(anonymous_14)
FN:17,(anonymous_15)
FN:18,(anonymous_16)
FN:18,(anonymous_17)
FN:22,(anonymous_18)
FN:23,(anonymous_19)
FN:23,(anonymous_20)
FN:28,(anonymous_21)
FN:29,(anonymous_22)
FN:29,(anonymous_23)
FN:34,(anonymous_24)
FN:35,(anonymous_25)
FN:35,(anonymous_26)
FN:40,(anonymous_27)
FN:41,(anonymous_28)
FN:41,(anonymous_29)
FN:46,(anonymous_30)
FN:47,(anonymous_31)
FN:47,(anonymous_32)
FNF:24
FNH:0
FNDA:0,(anonymous_9)
FNDA:0,(anonymous_10)
FNDA:0,(anonymous_11)
FNDA:0,(anonymous_12)
FNDA:0,(anonymous_13)
FNDA:0,(anonymous_14)
FNDA:0,(anonymous_15)
FNDA:0,(anonymous_16)
FNDA:0,(anonymous_17)
FNDA:0,(anonymous_18)
FNDA:0,(anonymous_19)
FNDA:0,(anonymous_20)
FNDA:0,(anonymous_21)
FNDA:0,(anonymous_22)
FNDA:0,(anonymous_23)
FNDA:0,(anonymous_24)
FNDA:0,(anonymous_25)
FNDA:0,(anonymous_26)
FNDA:0,(anonymous_27)
FNDA:0,(anonymous_28)
FNDA:0,(anonymous_29)
FNDA:0,(anonymous_30)
FNDA:0,(anonymous_31)
FNDA:0,(anonymous_32)
DA:2,0
DA:4,0
DA:8,0
DA:13,0
DA:18,0
DA:23,0
DA:29,0
DA:35,0
DA:41,0
DA:47,0
LF:10
LH:0
BRF:0
BRH:0
end_of_record
TN:
SF:src\app\app.ts
FNF:0
FNH:0
DA:1,1
DA:2,1
DA:9,1
LF:3
LH:3
BRF:0
BRH:0
end_of_record
TN:
SF:src\app\core\guards\auth.guard.ts
FN:7,(anonymous_0)
FN:13,(anonymous_1)
FNF:2
FNH:2
FNDA:2,(anonymous_0)
FNDA:2,(anonymous_1)
DA:1,1
DA:2,1
DA:3,1
DA:4,1
DA:5,1
DA:7,1
DA:8,2
DA:9,2
DA:11,2
DA:14,2
LF:10
LH:10
BRDA:14,0,0,1
BRDA:14,0,1,1
BRF:2
BRH:2
end_of_record
TN:
SF:src\app\core\interceptors\jwt.interceptor.ts
FN:7,(anonymous_0)
FN:12,(anonymous_1)
FNF:2
FNH:0
FNDA:0,(anonymous_0)
FNDA:0,(anonymous_1)
DA:1,0
DA:3,0
DA:4,0
DA:5,0
DA:7,0
DA:8,0
DA:10,0
DA:13,0
DA:15,0
LF:9
LH:0
BRDA:13,0,0,0
BRDA:13,0,1,0
BRF:2
BRH:0
end_of_record
TN:
SF:src\app\core\services\auth.service.ts
FN:23,(anonymous_0)
FN:27,(anonymous_1)
FN:31,(anonymous_2)
FN:35,(anonymous_3)
FNF:4
FNH:0
FNDA:0,(anonymous_0)
FNDA:0,(anonymous_1)
FNDA:0,(anonymous_2)
FNDA:0,(anonymous_3)
DA:1,1
DA:2,1
DA:6,1
DA:20,1
DA:21,0
DA:24,0
DA:28,0
DA:32,0
DA:36,0
LF:9
LH:4
BRF:0
BRH:0
end_of_record
TN:
SF:src\app\features\auth\login\login.component.ts
FN:42,(anonymous_0)
FNF:1
FNH:1
FNDA:2,(anonymous_0)
DA:1,1
DA:2,1
DA:3,1
DA:4,1
DA:5,1
DA:6,1
DA:7,1
DA:8,1
DA:9,1
DA:10,1
DA:11,1
DA:12,1
DA:30,1
DA:31,5
DA:33,5
DA:34,5
DA:35,5
DA:37,5
DA:43,2
DA:44,1
DA:45,1
LF:21
LH:21
BRDA:43,0,0,1
BRDA:43,0,1,1
BRF:2
BRH:2
end_of_record
TN:
SF:src\app\features\auth\register\register.component.ts
FN:20,(anonymous_0)
FN:61,(anonymous_1)
FN:72,(anonymous_2)
FNF:3
FNH:2
FNDA:0,(anonymous_0)
FNDA:1,(anonymous_1)
FNDA:2,(anonymous_2)
DA:1,1
DA:2,1
DA:3,1
DA:4,1
DA:5,1
DA:6,1
DA:8,1
DA:9,1
DA:10,1
DA:11,1
DA:12,1
DA:13,1
DA:14,1
DA:16,1
DA:17,1
DA:21,0
DA:41,1
DA:42,8
DA:44,8
DA:45,8
DA:47,8
DA:48,8
DA:50,8
DA:56,8
DA:61,8
DA:62,1
DA:63,1
DA:73,2
DA:74,1
DA:75,1
LF:30
LH:29
BRDA:21,0,0,0
BRDA:21,0,1,0
BRDA:21,0,2,0
BRDA:62,1,0,1
BRDA:62,1,1,0
BRDA:73,2,0,1
BRDA:73,2,1,1
BRF:7
BRH:3
end_of_record
TN:
SF:src\app\features\feed\feed.component.ts
FN:42,(anonymous_0)
FN:46,(anonymous_1)
FNF:2
FNH:2
FNDA:4,(anonymous_0)
FNDA:2,(anonymous_1)
DA:1,1
DA:2,1
DA:3,1
DA:4,1
DA:5,1
DA:6,1
DA:7,1
DA:8,1
DA:9,1
DA:10,1
DA:11,1
DA:12,1
DA:13,1
DA:14,1
DA:35,1
DA:36,4
DA:38,4
DA:39,4
DA:40,4
DA:43,4
DA:47,2
DA:48,2
LF:22
LH:22
BRDA:47,0,0,1
BRDA:47,0,1,1
BRF:2
BRH:2
end_of_record
TN:
SF:src\app\features\home\home.component.ts
FNF:0
FNH:0
DA:1,1
DA:2,1
DA:3,1
DA:4,1
DA:13,1
LF:5
LH:5
BRF:0
BRH:0
end_of_record
TN:
SF:src\app\features\posts\create-post\create-post.component.ts
FN:49,(anonymous_0)
FN:53,(anonymous_1)
FN:57,(anonymous_2)
FNF:3
FNH:3
FNDA:8,(anonymous_0)
FNDA:1,(anonymous_1)
FNDA:2,(anonymous_2)
DA:1,1
DA:2,1
DA:3,1
DA:4,1
DA:5,1
DA:6,1
DA:7,1
DA:8,1
DA:9,1
DA:10,1
DA:11,1
DA:12,1
DA:13,1
DA:14,1
DA:15,1
DA:16,1
DA:35,1
DA:36,7
DA:37,7
DA:39,7
DA:40,7
DA:41,7
DA:43,7
DA:50,8
DA:54,1
DA:58,2
DA:59,1
DA:60,1
LF:28
LH:28
BRDA:58,0,0,1
BRDA:58,0,1,1
BRF:2
BRH:2
end_of_record
TN:
SF:src\app\features\posts\post-detail\post-detail.component.ts
FN:46,(anonymous_0)
FN:51,(anonymous_1)
FN:55,(anonymous_2)
FNF:3
FNH:3
FNDA:6,(anonymous_0)
FNDA:1,(anonymous_1)
FNDA:2,(anonymous_2)
DA:1,1
DA:2,1
DA:3,1
DA:4,1
DA:5,1
DA:6,1
DA:7,1
DA:8,1
DA:9,1
DA:10,1
DA:11,1
DA:12,1
DA:13,1
DA:14,1
DA:34,1
DA:35,5
DA:36,5
DA:37,5
DA:39,5
DA:40,5
DA:42,5
DA:47,6
DA:48,6
DA:52,1
DA:56,2
DA:57,1
DA:61,1
LF:27
LH:27
BRDA:56,0,0,1
BRDA:56,0,1,1
BRF:2
BRH:2
end_of_record
TN:
SF:src\app\features\profile\profile.component.ts
FN:47,(anonymous_0)
FN:47,(anonymous_1)
FN:56,(anonymous_2)
FN:58,(anonymous_3)
FN:65,(anonymous_4)
FN:75,(anonymous_5)
FN:79,(anonymous_6)
FNF:7
FNH:6
FNDA:7,(anonymous_0)
FNDA:0,(anonymous_1)
FNDA:8,(anonymous_2)
FNDA:8,(anonymous_3)
FNDA:2,(anonymous_4)
FNDA:1,(anonymous_5)
FNDA:1,(anonymous_6)
DA:1,1
DA:2,1
DA:3,1
DA:4,1
DA:5,1
DA:6,1
DA:7,1
DA:8,1
DA:9,1
DA:10,1
DA:11,1
DA:12,1
DA:13,1
DA:14,1
DA:15,1
DA:16,1
DA:18,1
DA:19,1
DA:38,1
DA:39,7
DA:41,7
DA:42,7
DA:43,7
DA:44,7
DA:46,7
DA:47,7
DA:50,7
DA:57,8
DA:58,8
DA:59,8
DA:60,8
DA:66,2
DA:67,1
DA:68,1
DA:69,1
DA:70,1
DA:71,1
DA:72,1
DA:76,1
DA:80,1
LF:40
LH:40
BRDA:59,0,0,8
BRDA:59,0,1,0
BRDA:66,1,0,1
BRDA:66,1,1,1
BRDA:69,2,0,1
BRDA:69,2,1,0
BRDA:70,3,0,1
BRDA:70,3,1,0
BRDA:71,4,0,0
BRDA:71,4,1,1
BRF:10
BRH:6
end_of_record
TN:
SF:src\app\features\topics\topics.component.ts
FN:24,(anonymous_0)
FN:28,(anonymous_1)
FN:32,(anonymous_2)
FNF:3
FNH:3
FNDA:5,(anonymous_0)
FNDA:1,(anonymous_1)
FNDA:1,(anonymous_2)
DA:1,1
DA:2,1
DA:3,1
DA:4,1
DA:5,1
DA:6,1
DA:7,1
DA:8,1
DA:9,1
DA:18,1
DA:19,4
DA:21,4
DA:22,4
DA:25,5
DA:29,1
DA:33,1
LF:16
LH:16
BRF:0
BRH:0
end_of_record
TN:
SF:src\app\shared\components\logo\logo.component.ts
FNF:0
FNH:0
DA:1,9
DA:8,9
DA:9,5
DA:10,5
DA:11,5
LF:5
LH:5
BRF:0
BRH:0
end_of_record
TN:
SF:src\app\shared\components\navbar\navbar.component.ts
FN:29,(anonymous_0)
FNF:1
FNH:1
FNDA:1,(anonymous_0)
DA:1,6
DA:2,6
DA:3,6
DA:4,6
DA:5,6
DA:6,6
DA:7,6
DA:8,6
DA:9,6
DA:26,6
DA:27,2
DA:30,1
LF:12
LH:12
BRF:0
BRH:0
end_of_record
TN:
SF:src\app\store\auth\auth.actions.ts
FNF:0
FNH:0
DA:1,12
DA:4,12
LF:2
LH:2
BRF:0
BRH:0
end_of_record
TN:
SF:src\app\store\auth\auth.effects.ts
FN:10,(anonymous_0)
FN:13,(anonymous_1)
FN:15,(anonymous_2)
FN:16,(anonymous_3)
FN:17,(anonymous_4)
FN:27,(anonymous_5)
FN:30,(anonymous_6)
FN:36,(anonymous_7)
FN:39,(anonymous_8)
FN:41,(anonymous_9)
FN:42,(anonymous_10)
FN:43,(anonymous_11)
FN:53,(anonymous_12)
FN:56,(anonymous_13)
FN:62,(anonymous_14)
FN:65,(anonymous_15)
FN:74,(anonymous_16)
FN:77,(anonymous_17)
FN:79,(anonymous_18)
FN:80,(anonymous_19)
FN:90,(anonymous_20)
FN:93,(anonymous_21)
FN:95,(anonymous_22)
FN:96,(anonymous_23)
FNF:24
FNH:24
FNDA:3,(anonymous_0)
FNDA:3,(anonymous_1)
FNDA:1,(anonymous_2)
FNDA:1,(anonymous_3)
FNDA:2,(anonymous_4)
FNDA:1,(anonymous_5)
FNDA:1,(anonymous_6)
FNDA:2,(anonymous_7)
FNDA:2,(anonymous_8)
FNDA:1,(anonymous_9)
FNDA:1,(anonymous_10)
FNDA:1,(anonymous_11)
FNDA:1,(anonymous_12)
FNDA:1,(anonymous_13)
FNDA:1,(anonymous_14)
FNDA:1,(anonymous_15)
FNDA:2,(anonymous_16)
FNDA:2,(anonymous_17)
FNDA:1,(anonymous_18)
FNDA:1,(anonymous_19)
FNDA:2,(anonymous_20)
FNDA:2,(anonymous_21)
FNDA:1,(anonymous_22)
FNDA:1,(anonymous_23)
DA:1,1
DA:3,1
DA:4,1
DA:5,1
DA:6,1
DA:7,1
DA:9,1
DA:11,3
DA:14,3
DA:15,1
DA:16,1
DA:18,2
DA:26,1
DA:28,1
DA:30,1
DA:35,1
DA:37,2
DA:40,2
DA:41,1
DA:42,1
DA:44,1
DA:52,1
DA:54,1
DA:56,1
DA:61,1
DA:63,1
DA:66,1
DA:67,1
DA:73,1
DA:75,2
DA:78,2
DA:79,1
DA:81,1
DA:89,1
DA:91,2
DA:94,2
DA:95,1
DA:97,1
LF:38
LH:38
BRDA:10,0,0,3
BRDA:10,1,0,3
BRDA:18,2,0,2
BRDA:18,2,1,1
BRDA:27,3,0,1
BRDA:27,4,0,1
BRDA:36,5,0,2
BRDA:36,6,0,2
BRDA:44,7,0,1
BRDA:44,7,1,0
BRDA:53,8,0,1
BRDA:53,9,0,1
BRDA:62,10,0,1
BRDA:62,11,0,1
BRDA:74,12,0,2
BRDA:74,13,0,2
BRDA:81,14,0,1
BRDA:81,14,1,0
BRDA:90,15,0,2
BRDA:90,16,0,2
BRDA:97,17,0,1
BRDA:97,17,1,0
BRF:22
BRH:19
end_of_record
TN:
SF:src\app\store\auth\auth.reducer.ts
FN:25,(anonymous_0)
FN:26,(anonymous_1)
FN:29,(anonymous_2)
FN:30,(anonymous_3)
FN:31,(anonymous_4)
FN:34,(anonymous_5)
FN:35,(anonymous_6)
FN:38,(anonymous_7)
FN:39,(anonymous_8)
FN:40,(anonymous_9)
FN:41,(anonymous_10)
FN:44,(anonymous_11)
FNF:12
FNH:9
FNDA:1,(anonymous_0)
FNDA:1,(anonymous_1)
FNDA:1,(anonymous_2)
FNDA:1,(anonymous_3)
FNDA:1,(anonymous_4)
FNDA:1,(anonymous_5)
FNDA:1,(anonymous_6)
FNDA:0,(anonymous_7)
FNDA:0,(anonymous_8)
FNDA:0,(anonymous_9)
FNDA:1,(anonymous_10)
FNDA:1,(anonymous_11)
DA:1,6
DA:3,6
DA:13,6
DA:21,6
DA:25,1
DA:26,1
DA:29,1
DA:30,1
DA:31,1
DA:34,1
DA:35,1
DA:38,0
DA:39,0
DA:40,0
DA:41,1
DA:44,1
DA:48,6
LF:17
LH:14
BRF:0
BRH:0
end_of_record
TN:
SF:src\app\store\auth\auth.selectors.ts
FNF:0
FNH:0
DA:1,5
DA:3,5
DA:4,5
DA:5,5
DA:6,5
DA:7,5
LF:6
LH:6
BRF:0
BRH:0
end_of_record
TN:
SF:src\app\store\posts\posts.actions.ts
FNF:0
FNH:0
DA:1,6
DA:5,6
LF:2
LH:2
BRF:0
BRH:0
end_of_record
TN:
SF:src\app\store\posts\posts.effects.ts
FN:13,(anonymous_0)
FN:16,(anonymous_1)
FN:18,(anonymous_2)
FN:19,(anonymous_3)
FN:27,(anonymous_4)
FN:30,(anonymous_5)
FN:36,(anonymous_6)
FN:39,(anonymous_7)
FN:41,(anonymous_8)
FN:42,(anonymous_9)
FN:50,(anonymous_10)
FN:53,(anonymous_11)
FN:59,(anonymous_12)
FN:62,(anonymous_13)
FN:64,(anonymous_14)
FN:65,(anonymous_15)
FN:73,(anonymous_16)
FN:76,(anonymous_17)
FN:78,(anonymous_18)
FN:79,(anonymous_19)
FNF:20
FNH:20
FNDA:2,(anonymous_0)
FNDA:2,(anonymous_1)
FNDA:1,(anonymous_2)
FNDA:1,(anonymous_3)
FNDA:1,(anonymous_4)
FNDA:1,(anonymous_5)
FNDA:2,(anonymous_6)
FNDA:2,(anonymous_7)
FNDA:1,(anonymous_8)
FNDA:1,(anonymous_9)
FNDA:1,(anonymous_10)
FNDA:1,(anonymous_11)
FNDA:2,(anonymous_12)
FNDA:2,(anonymous_13)
FNDA:1,(anonymous_14)
FNDA:1,(anonymous_15)
FNDA:2,(anonymous_16)
FNDA:2,(anonymous_17)
FNDA:1,(anonymous_18)
FNDA:1,(anonymous_19)
DA:1,1
DA:2,1
DA:3,1
DA:4,1
DA:5,1
DA:6,1
DA:10,1
DA:12,1
DA:14,2
DA:17,2
DA:18,1
DA:19,1
DA:26,1
DA:28,1
DA:30,1
DA:35,1
DA:37,2
DA:40,2
DA:41,1
DA:42,1
DA:49,1
DA:51,1
DA:53,1
DA:58,1
DA:60,2
DA:63,2
DA:64,1
DA:65,1
DA:72,1
DA:74,2
DA:77,2
DA:78,1
DA:79,1
LF:33
LH:33
BRDA:13,0,0,2
BRDA:13,1,0,2
BRDA:27,2,0,1
BRDA:36,3,0,2
BRDA:36,4,0,2
BRDA:50,5,0,1
BRDA:50,6,0,1
BRDA:59,7,0,2
BRDA:59,8,0,2
BRDA:73,9,0,2
BRDA:73,10,0,2
BRF:11
BRH:11
end_of_record
TN:
SF:src\app\store\posts\posts.reducer.ts
FN:27,(anonymous_0)
FN:28,(anonymous_1)
FN:29,(anonymous_2)
FN:30,(anonymous_3)
FN:31,(anonymous_4)
FN:32,(anonymous_5)
FN:37,(anonymous_6)
FN:38,(anonymous_7)
FN:39,(anonymous_8)
FN:40,(anonymous_9)
FN:41,(anonymous_10)
FN:42,(anonymous_11)
FN:49,(anonymous_12)
FNF:13
FNH:8
FNDA:1,(anonymous_0)
FNDA:1,(anonymous_1)
FNDA:1,(anonymous_2)
FNDA:1,(anonymous_3)
FNDA:0,(anonymous_4)
FNDA:1,(anonymous_5)
FNDA:0,(anonymous_6)
FNDA:1,(anonymous_7)
FNDA:1,(anonymous_8)
FNDA:0,(anonymous_9)
FNDA:0,(anonymous_10)
FNDA:2,(anonymous_11)
FNDA:0,(anonymous_12)
DA:1,5
DA:3,5
DA:15,5
DA:23,5
DA:27,1
DA:28,1
DA:29,1
DA:30,1
DA:31,0
DA:32,1
DA:37,0
DA:38,1
DA:39,1
DA:40,0
DA:41,0
DA:42,2
DA:49,0
DA:53,5
LF:18
LH:13
BRDA:45,0,0,1
BRDA:45,0,1,1
BRF:2
BRH:2
end_of_record
TN:
SF:src\app\store\posts\posts.selectors.ts
FNF:0
FNH:0
DA:1,4
DA:3,4
DA:4,4
DA:5,4
DA:6,4
DA:7,4
LF:6
LH:6
BRF:0
BRH:0
end_of_record
TN:
SF:src\app\store\topics\topics.actions.ts
FNF:0
FNH:0
DA:1,6
DA:4,6
LF:2
LH:2
BRF:0
BRH:0
end_of_record
TN:
SF:src\app\store\topics\topics.effects.ts
FN:11,(anonymous_0)
FN:14,(anonymous_1)
FN:16,(anonymous_2)
FN:17,(anonymous_3)
FN:25,(anonymous_4)
FN:28,(anonymous_5)
FN:30,(anonymous_6)
FN:31,(anonymous_7)
FN:39,(anonymous_8)
FN:42,(anonymous_9)
FN:44,(anonymous_10)
FN:45,(anonymous_11)
FNF:12
FNH:12
FNDA:2,(anonymous_0)
FNDA:2,(anonymous_1)
FNDA:1,(anonymous_2)
FNDA:1,(anonymous_3)
FNDA:2,(anonymous_4)
FNDA:2,(anonymous_5)
FNDA:1,(anonymous_6)
FNDA:1,(anonymous_7)
FNDA:2,(anonymous_8)
FNDA:2,(anonymous_9)
FNDA:1,(anonymous_10)
FNDA:1,(anonymous_11)
DA:1,1
DA:2,1
DA:3,1
DA:4,1
DA:5,1
DA:8,1
DA:10,1
DA:12,2
DA:15,2
DA:16,1
DA:17,1
DA:24,1
DA:26,2
DA:29,2
DA:30,1
DA:31,1
DA:38,1
DA:40,2
DA:43,2
DA:44,1
DA:45,1
LF:21
LH:21
BRDA:11,0,0,2
BRDA:11,1,0,2
BRDA:25,2,0,2
BRDA:25,3,0,2
BRDA:39,4,0,2
BRDA:39,5,0,2
BRF:6
BRH:6
end_of_record
TN:
SF:src\app\store\topics\topics.reducer.ts
FN:21,(anonymous_0)
FN:22,(anonymous_1)
FN:27,(anonymous_2)
FN:32,(anonymous_3)
FN:33,(anonymous_4)
FN:36,(anonymous_5)
FN:38,(anonymous_6)
FN:39,(anonymous_7)
FN:42,(anonymous_8)
FNF:9
FNH:7
FNDA:1,(anonymous_0)
FNDA:1,(anonymous_1)
FNDA:1,(anonymous_2)
FNDA:0,(anonymous_3)
FNDA:2,(anonymous_4)
FNDA:4,(anonymous_5)
FNDA:0,(anonymous_6)
FNDA:1,(anonymous_7)
FNDA:2,(anonymous_8)
DA:1,5
DA:3,5
DA:11,5
DA:17,5
DA:21,1
DA:22,1
DA:27,1
DA:32,0
DA:33,2
DA:36,4
DA:38,0
DA:39,1
DA:42,2
DA:47,5
LF:14
LH:12
BRDA:36,0,0,2
BRDA:36,0,1,2
BRDA:42,1,0,1
BRDA:42,1,1,1
BRF:4
BRH:4
end_of_record
TN:
SF:src\app\store\topics\topics.selectors.ts
FNF:0
FNH:0
DA:1,4
DA:3,4
DA:4,4
DA:5,4
LF:4
LH:4
BRF:0
BRH:0
end_of_record
