{
  "stats": {
    "suites": 7,
    "tests": 34,
    "passes": 34,
    "pending": 0,
    "failures": 0,
    "testsRegistered": 34,
    "passPercent": 100,
    "pendingPercent": 0,
    "other": 0,
    "hasOther": false,
    "skipped": 0,
    "hasSkipped": false,
    "start": "2026-05-04T11:15:16.489Z",
    "end": "2026-05-04T11:15:43.299Z",
    "duration": 26810
  },
  "results": [
    {
      "uuid": "ef853980-1651-4239-add9-1c5647b39ba6",
      "title": "",
      "fullFile": "cypress\\e2e\\auth\\login.cy.ts",
      "file": "cypress\\e2e\\auth\\login.cy.ts",
      "beforeHooks": [],
      "afterHooks": [],
      "tests": [],
      "suites": [
        {
          "uuid": "c375a30b-616b-43ce-95bb-7cfe7ac467e1",
          "title": "Login",
          "fullFile": "",
          "file": "",
          "beforeHooks": [],
          "afterHooks": [],
          "tests": [
            {
              "title": "should display the login form",
              "fullTitle": "Login should display the login form",
              "timedOut": null,
              "duration": 469,
              "state": "passed",
              "speed": "fast",
              "pass": true,
              "fail": false,
              "pending": false,
              "context": null,
              "code": "cy.get('input[formControlName=\"identifier\"]').should('exist');\ncy.get('input[formControlName=\"password\"]').should('exist');\ncy.get('button[type=\"submit\"]').should('exist');",
              "err": {},
              "uuid": "93d25335-10ef-43a2-809c-1028716da761",
              "parentUUID": "c375a30b-616b-43ce-95bb-7cfe7ac467e1",
              "isHook": false,
              "skipped": false
            },
            {
              "title": "should login with email and redirect to feed",
              "fullTitle": "Login should login with email and redirect to feed",
              "timedOut": null,
              "duration": 914,
              "state": "passed",
              "speed": "fast",
              "pass": true,
              "fail": false,
              "pending": false,
              "context": null,
              "code": "cy.get('input[formControlName=\"identifier\"]').type('alice@example.com', { force: true });\ncy.get('input[formControlName=\"password\"]').type('Test@1234', { force: true });\ncy.get('button[type=\"submit\"]').click();\ncy.url().should('include', '/feed');",
              "err": {},
              "uuid": "3d56173d-bf65-4fbf-993b-6547575f4603",
              "parentUUID": "c375a30b-616b-43ce-95bb-7cfe7ac467e1",
              "isHook": false,
              "skipped": false
            },
            {
              "title": "should login with username and redirect to feed",
              "fullTitle": "Login should login with username and redirect to feed",
              "timedOut": null,
              "duration": 661,
              "state": "passed",
              "speed": "fast",
              "pass": true,
              "fail": false,
              "pending": false,
              "context": null,
              "code": "cy.get('input[formControlName=\"identifier\"]').type('alice', { force: true });\ncy.get('input[formControlName=\"password\"]').type('Test@1234', { force: true });\ncy.get('button[type=\"submit\"]').click();\ncy.url().should('include', '/feed');",
              "err": {},
              "uuid": "03299444-2493-48e0-998c-94cf756b8829",
              "parentUUID": "c375a30b-616b-43ce-95bb-7cfe7ac467e1",
              "isHook": false,
              "skipped": false
            },
            {
              "title": "should show an error for wrong password",
              "fullTitle": "Login should show an error for wrong password",
              "timedOut": null,
              "duration": 1031,
              "state": "passed",
              "speed": "fast",
              "pass": true,
              "fail": false,
              "pending": false,
              "context": null,
              "code": "cy.get('input[formControlName=\"identifier\"]').type('alice@example.com', { force: true });\ncy.get('input[formControlName=\"password\"]').type('mauvais-mot-de-passe', { force: true });\ncy.get('button[type=\"submit\"]').click();\ncy.get('.server-error').should('be.visible');\ncy.url().should('include', '/login');",
              "err": {},
              "uuid": "fc52141b-afea-46b7-9143-67e65f3f2fa5",
              "parentUUID": "c375a30b-616b-43ce-95bb-7cfe7ac467e1",
              "isHook": false,
              "skipped": false
            }
          ],
          "suites": [],
          "passes": [
            "93d25335-10ef-43a2-809c-1028716da761",
            "3d56173d-bf65-4fbf-993b-6547575f4603",
            "03299444-2493-48e0-998c-94cf756b8829",
            "fc52141b-afea-46b7-9143-67e65f3f2fa5"
          ],
          "failures": [],
          "pending": [],
          "skipped": [],
          "duration": 3075,
          "root": false,
          "rootEmpty": false,
          "_timeout": 2000
        }
      ],
      "passes": [],
      "failures": [],
      "pending": [],
      "skipped": [],
      "duration": 0,
      "root": true,
      "rootEmpty": true,
      "_timeout": 2000
    },
    {
      "uuid": "468da652-e056-431f-aeaf-478397057d73",
      "title": "",
      "fullFile": "cypress\\e2e\\auth\\register.cy.ts",
      "file": "cypress\\e2e\\auth\\register.cy.ts",
      "beforeHooks": [],
      "afterHooks": [],
      "tests": [],
      "suites": [
        {
          "uuid": "509fcb03-eded-4257-a2e9-7c1f3c38b707",
          "title": "Register",
          "fullFile": "",
          "file": "",
          "beforeHooks": [],
          "afterHooks": [],
          "tests": [
            {
              "title": "should display the register form",
              "fullTitle": "Register should display the register form",
              "timedOut": null,
              "duration": 448,
              "state": "passed",
              "speed": "fast",
              "pass": true,
              "fail": false,
              "pending": false,
              "context": null,
              "code": "cy.get('input[formControlName=\"username\"]').should('exist');\ncy.get('input[formControlName=\"email\"]').should('exist');\ncy.get('input[formControlName=\"password\"]').should('exist');\ncy.get('button[type=\"submit\"]').should('exist');",
              "err": {},
              "uuid": "7c9f4a8f-a319-4e33-b00d-52a261eb14ef",
              "parentUUID": "509fcb03-eded-4257-a2e9-7c1f3c38b707",
              "isHook": false,
              "skipped": false
            },
            {
              "title": "should register successfully and redirect to feed",
              "fullTitle": "Register should register successfully and redirect to feed",
              "timedOut": null,
              "duration": 1281,
              "state": "passed",
              "speed": "fast",
              "pass": true,
              "fail": false,
              "pending": false,
              "context": null,
              "code": "const unique = Date.now();\ncy.get('input[formControlName=\"username\"]').type(`user${unique}`, { force: true });\ncy.get('input[formControlName=\"email\"]').type(`user${unique}@test.com`, { force: true });\ncy.get('input[formControlName=\"password\"]').type('Test@1234', { force: true });\ncy.get('button[type=\"submit\"]').click();\ncy.url().should('include', '/feed');",
              "err": {},
              "uuid": "a3328841-5d32-4394-9150-6417f508b556",
              "parentUUID": "509fcb03-eded-4257-a2e9-7c1f3c38b707",
              "isHook": false,
              "skipped": false
            },
            {
              "title": "should show an error when email is already taken",
              "fullTitle": "Register should show an error when email is already taken",
              "timedOut": null,
              "duration": 1007,
              "state": "passed",
              "speed": "fast",
              "pass": true,
              "fail": false,
              "pending": false,
              "context": null,
              "code": "cy.get('input[formControlName=\"username\"]').type('nouveaunom', { force: true });\ncy.get('input[formControlName=\"email\"]').type('alice@example.com', { force: true });\ncy.get('input[formControlName=\"password\"]').type('Test@1234', { force: true });\ncy.get('button[type=\"submit\"]').click();\ncy.get('.server-error').should('be.visible');\ncy.url().should('include', '/register');",
              "err": {},
              "uuid": "d6836547-702d-4479-9bda-9b1fc142ec3d",
              "parentUUID": "509fcb03-eded-4257-a2e9-7c1f3c38b707",
              "isHook": false,
              "skipped": false
            },
            {
              "title": "should show validation errors for a weak password",
              "fullTitle": "Register should show validation errors for a weak password",
              "timedOut": null,
              "duration": 841,
              "state": "passed",
              "speed": "fast",
              "pass": true,
              "fail": false,
              "pending": false,
              "context": null,
              "code": "cy.get('input[formControlName=\"username\"]').type('testuser', { force: true });\ncy.get('input[formControlName=\"email\"]').type('testuser@test.com', { force: true });\ncy.get('input[formControlName=\"password\"]').type('simple', { force: true });\ncy.get('.password-criteria .invalid').should('have.length.at.least', 1);",
              "err": {},
              "uuid": "f4adeabf-32c7-4af4-945f-f9c7175bb147",
              "parentUUID": "509fcb03-eded-4257-a2e9-7c1f3c38b707",
              "isHook": false,
              "skipped": false
            },
            {
              "title": "should show validation errors when fields are empty",
              "fullTitle": "Register should show validation errors when fields are empty",
              "timedOut": null,
              "duration": 138,
              "state": "passed",
              "speed": "fast",
              "pass": true,
              "fail": false,
              "pending": false,
              "context": null,
              "code": "cy.get('button[type=\"submit\"]').should('be.disabled');",
              "err": {},
              "uuid": "47c74be5-e640-4e88-a086-17859ec89904",
              "parentUUID": "509fcb03-eded-4257-a2e9-7c1f3c38b707",
              "isHook": false,
              "skipped": false
            }
          ],
          "suites": [],
          "passes": [
            "7c9f4a8f-a319-4e33-b00d-52a261eb14ef",
            "a3328841-5d32-4394-9150-6417f508b556",
            "d6836547-702d-4479-9bda-9b1fc142ec3d",
            "f4adeabf-32c7-4af4-945f-f9c7175bb147",
            "47c74be5-e640-4e88-a086-17859ec89904"
          ],
          "failures": [],
          "pending": [],
          "skipped": [],
          "duration": 3715,
          "root": false,
          "rootEmpty": false,
          "_timeout": 2000
        }
      ],
      "passes": [],
      "failures": [],
      "pending": [],
      "skipped": [],
      "duration": 0,
      "root": true,
      "rootEmpty": true,
      "_timeout": 2000
    },
    {
      "uuid": "fa112899-e72d-4f29-87ca-d1c7b87d1db6",
      "title": "",
      "fullFile": "cypress\\e2e\\profile\\profile.cy.ts",
      "file": "cypress\\e2e\\profile\\profile.cy.ts",
      "beforeHooks": [],
      "afterHooks": [],
      "tests": [],
      "suites": [
        {
          "uuid": "c739e069-a7ff-43b0-96a1-2956643636ee",
          "title": "Profile",
          "fullFile": "",
          "file": "",
          "beforeHooks": [],
          "afterHooks": [],
          "tests": [
            {
              "title": "should display current user email and username",
              "fullTitle": "Profile should display current user email and username",
              "timedOut": null,
              "duration": 643,
              "state": "passed",
              "speed": "fast",
              "pass": true,
              "fail": false,
              "pending": false,
              "context": null,
              "code": "cy.get('input[formControlName=\"email\"]').should('have.value', 'alice@example.com');\ncy.get('input[formControlName=\"username\"]').should('have.value', 'alice');",
              "err": {},
              "uuid": "a6078fb8-fea0-4467-ae3f-2d8acc6103c5",
              "parentUUID": "c739e069-a7ff-43b0-96a1-2956643636ee",
              "isHook": false,
              "skipped": false
            },
            {
              "title": "should update username successfully and stay on profile",
              "fullTitle": "Profile should update username successfully and stay on profile",
              "timedOut": null,
              "duration": 1187,
              "state": "passed",
              "speed": "fast",
              "pass": true,
              "fail": false,
              "pending": false,
              "context": null,
              "code": "const newUsername = `alice_${Date.now()}`;\ncy.get('input[formControlName=\"username\"]').clear().type(newUsername, { force: true });\ncy.get('button[type=\"submit\"]').click();\ncy.url().should('include', '/profile');\n// Nettoyage : remettre le username original\ncy.get('input[formControlName=\"username\"]').clear().type('alice', { force: true });\ncy.get('button[type=\"submit\"]').click();",
              "err": {},
              "uuid": "a1718a46-2924-4623-adbb-f4a49b2ed690",
              "parentUUID": "c739e069-a7ff-43b0-96a1-2956643636ee",
              "isHook": false,
              "skipped": false
            },
            {
              "title": "should show an error when the new email is already taken",
              "fullTitle": "Profile should show an error when the new email is already taken",
              "timedOut": null,
              "duration": 728,
              "state": "passed",
              "speed": "fast",
              "pass": true,
              "fail": false,
              "pending": false,
              "context": null,
              "code": "cy.get('input[formControlName=\"email\"]').clear().type('bob@example.com', { force: true });\ncy.get('button[type=\"submit\"]').click();\ncy.get('.server-error').should('be.visible');",
              "err": {},
              "uuid": "721331aa-253e-42ca-9b13-bab5324cb7c3",
              "parentUUID": "c739e069-a7ff-43b0-96a1-2956643636ee",
              "isHook": false,
              "skipped": false
            },
            {
              "title": "should display subscribed topics",
              "fullTitle": "Profile should display subscribed topics",
              "timedOut": null,
              "duration": 290,
              "state": "passed",
              "speed": "fast",
              "pass": true,
              "fail": false,
              "pending": false,
              "context": null,
              "code": "cy.get('.subscriptions-section').should('be.visible');\ncy.get('.subscriptions-section').contains(/javascript/i).should('be.visible');\ncy.get('.subscriptions-section').contains(/python/i).should('be.visible');",
              "err": {},
              "uuid": "cc0933ec-78bb-419f-ba82-5d60257762b6",
              "parentUUID": "c739e069-a7ff-43b0-96a1-2956643636ee",
              "isHook": false,
              "skipped": false
            },
            {
              "title": "should unsubscribe from a topic from the profile page",
              "fullTitle": "Profile should unsubscribe from a topic from the profile page",
              "timedOut": null,
              "duration": 561,
              "state": "passed",
              "speed": "fast",
              "pass": true,
              "fail": false,
              "pending": false,
              "context": null,
              "code": "cy.contains('mat-card.subscription-card', /python/i)\n    .contains('button', /se désabonner/i)\n    .click();\ncy.get('.subscriptions-section').contains(/python/i).should('not.exist');\n// Nettoyage : se réabonner depuis la page topics\ncy.visit('/topics');\ncy.contains('mat-card', /python/i)\n    .contains('button', /s'abonner/i)\n    .click();",
              "err": {},
              "uuid": "1921e6a8-aa70-4b7b-9ab5-3e085d3da240",
              "parentUUID": "c739e069-a7ff-43b0-96a1-2956643636ee",
              "isHook": false,
              "skipped": false
            },
            {
              "title": "should logout and redirect to login",
              "fullTitle": "Profile should logout and redirect to login",
              "timedOut": null,
              "duration": 337,
              "state": "passed",
              "speed": "fast",
              "pass": true,
              "fail": false,
              "pending": false,
              "context": null,
              "code": "cy.contains('button', /se déconnecter/i).click();\ncy.url().should('include', '/login');",
              "err": {},
              "uuid": "adfd5be5-cd15-49e0-b1ca-18dbce1f5ba7",
              "parentUUID": "c739e069-a7ff-43b0-96a1-2956643636ee",
              "isHook": false,
              "skipped": false
            }
          ],
          "suites": [],
          "passes": [
            "a6078fb8-fea0-4467-ae3f-2d8acc6103c5",
            "a1718a46-2924-4623-adbb-f4a49b2ed690",
            "721331aa-253e-42ca-9b13-bab5324cb7c3",
            "cc0933ec-78bb-419f-ba82-5d60257762b6",
            "1921e6a8-aa70-4b7b-9ab5-3e085d3da240",
            "adfd5be5-cd15-49e0-b1ca-18dbce1f5ba7"
          ],
          "failures": [],
          "pending": [],
          "skipped": [],
          "duration": 3746,
          "root": false,
          "rootEmpty": false,
          "_timeout": 2000
        }
      ],
      "passes": [],
      "failures": [],
      "pending": [],
      "skipped": [],
      "duration": 0,
      "root": true,
      "rootEmpty": true,
      "_timeout": 2000
    },
    {
      "uuid": "c455b98a-1413-4d24-acdc-8295cb967bd0",
      "title": "",
      "fullFile": "cypress\\e2e\\posts\\create-post.cy.ts",
      "file": "cypress\\e2e\\posts\\create-post.cy.ts",
      "beforeHooks": [],
      "afterHooks": [],
      "tests": [],
      "suites": [
        {
          "uuid": "52c5a952-3dd8-4780-bd63-d3fd5d198d70",
          "title": "Create Post",
          "fullFile": "",
          "file": "",
          "beforeHooks": [],
          "afterHooks": [],
          "tests": [
            {
              "title": "should display the create post form",
              "fullTitle": "Create Post should display the create post form",
              "timedOut": null,
              "duration": 650,
              "state": "passed",
              "speed": "fast",
              "pass": true,
              "fail": false,
              "pending": false,
              "context": null,
              "code": "cy.get('input[formControlName=\"title\"]').should('exist');\ncy.get('mat-select[formControlName=\"topicId\"]').should('exist');\ncy.get('textarea[formControlName=\"content\"]').should('exist');\ncy.get('button[type=\"submit\"]').should('exist');",
              "err": {},
              "uuid": "ecfd3ffe-707a-4bf3-895b-04b4cbadf743",
              "parentUUID": "52c5a952-3dd8-4780-bd63-d3fd5d198d70",
              "isHook": false,
              "skipped": false
            },
            {
              "title": "should create a post and redirect to its detail page",
              "fullTitle": "Create Post should create a post and redirect to its detail page",
              "timedOut": null,
              "duration": 1471,
              "state": "passed",
              "speed": "fast",
              "pass": true,
              "fail": false,
              "pending": false,
              "context": null,
              "code": "cy.get('input[formControlName=\"title\"]').type('Mon article de test Cypress', { force: true });\ncy.get('mat-select[formControlName=\"topicId\"]').click();\ncy.get('mat-option').first().click();\ncy.get('textarea[formControlName=\"content\"]').type(\"Contenu de test généré par Cypress.\", { force: true });\ncy.get('button[type=\"submit\"]').click();\ncy.url().should('match', /\\/posts\\/\\d+/);\ncy.contains('Mon article de test Cypress').should('be.visible');",
              "err": {},
              "uuid": "035c5d52-747c-435e-90f1-cae07b6ee7ba",
              "parentUUID": "52c5a952-3dd8-4780-bd63-d3fd5d198d70",
              "isHook": false,
              "skipped": false
            },
            {
              "title": "should keep submit button disabled when fields are empty",
              "fullTitle": "Create Post should keep submit button disabled when fields are empty",
              "timedOut": null,
              "duration": 232,
              "state": "passed",
              "speed": "fast",
              "pass": true,
              "fail": false,
              "pending": false,
              "context": null,
              "code": "cy.get('button[type=\"submit\"]').should('be.disabled');",
              "err": {},
              "uuid": "613432d9-0dac-4ac7-92e8-d7db911546d8",
              "parentUUID": "52c5a952-3dd8-4780-bd63-d3fd5d198d70",
              "isHook": false,
              "skipped": false
            },
            {
              "title": "should list available topics in the topic selector",
              "fullTitle": "Create Post should list available topics in the topic selector",
              "timedOut": null,
              "duration": 325,
              "state": "passed",
              "speed": "fast",
              "pass": true,
              "fail": false,
              "pending": false,
              "context": null,
              "code": "cy.get('mat-select[formControlName=\"topicId\"]').click();\ncy.get('mat-option').should('have.length', 5);\ncy.get('mat-option').should('contain', 'JavaScript');",
              "err": {},
              "uuid": "9be35eb0-52fe-4ccf-bc5c-64a73cab4484",
              "parentUUID": "52c5a952-3dd8-4780-bd63-d3fd5d198d70",
              "isHook": false,
              "skipped": false
            }
          ],
          "suites": [],
          "passes": [
            "ecfd3ffe-707a-4bf3-895b-04b4cbadf743",
            "035c5d52-747c-435e-90f1-cae07b6ee7ba",
            "613432d9-0dac-4ac7-92e8-d7db911546d8",
            "9be35eb0-52fe-4ccf-bc5c-64a73cab4484"
          ],
          "failures": [],
          "pending": [],
          "skipped": [],
          "duration": 2678,
          "root": false,
          "rootEmpty": false,
          "_timeout": 2000
        }
      ],
      "passes": [],
      "failures": [],
      "pending": [],
      "skipped": [],
      "duration": 0,
      "root": true,
      "rootEmpty": true,
      "_timeout": 2000
    },
    {
      "uuid": "a4a5c8d0-3c27-4639-aa1a-2d0c1c6a770b",
      "title": "",
      "fullFile": "cypress\\e2e\\posts\\post-detail.cy.ts",
      "file": "cypress\\e2e\\posts\\post-detail.cy.ts",
      "beforeHooks": [],
      "afterHooks": [],
      "tests": [],
      "suites": [
        {
          "uuid": "5bc081bf-8df2-4257-8150-094afdc126d7",
          "title": "Post Detail",
          "fullFile": "",
          "file": "",
          "beforeHooks": [],
          "afterHooks": [],
          "tests": [
            {
              "title": "should display the post title, author, topic and content",
              "fullTitle": "Post Detail should display the post title, author, topic and content",
              "timedOut": null,
              "duration": 697,
              "state": "passed",
              "speed": "fast",
              "pass": true,
              "fail": false,
              "pending": false,
              "context": null,
              "code": "visitFirstPost();\ncy.get('article h1').should('be.visible');\ncy.get('.post-meta').should('be.visible');\ncy.get('.topic-badge').should('be.visible');\ncy.get('.post-content').should('be.visible');",
              "err": {},
              "uuid": "12961ef2-6652-4fa9-b302-02af729d8d7f",
              "parentUUID": "5bc081bf-8df2-4257-8150-094afdc126d7",
              "isHook": false,
              "skipped": false
            },
            {
              "title": "should display the comments section",
              "fullTitle": "Post Detail should display the comments section",
              "timedOut": null,
              "duration": 351,
              "state": "passed",
              "speed": "fast",
              "pass": true,
              "fail": false,
              "pending": false,
              "context": null,
              "code": "visitFirstPost();\ncy.get('.comments-section').should('be.visible');\ncy.get('h2').contains(/commentaire/i).should('be.visible');",
              "err": {},
              "uuid": "bd8bb12f-71ba-4d9f-a881-f1a9142543cf",
              "parentUUID": "5bc081bf-8df2-4257-8150-094afdc126d7",
              "isHook": false,
              "skipped": false
            },
            {
              "title": "should add a comment and display it in the list",
              "fullTitle": "Post Detail should add a comment and display it in the list",
              "timedOut": null,
              "duration": 878,
              "state": "passed",
              "speed": "fast",
              "pass": true,
              "fail": false,
              "pending": false,
              "context": null,
              "code": "visitFirstPost();\nconst commentText = `Commentaire Cypress ${Date.now()}`;\ncy.get('.comment-form textarea').type(commentText, { force: true });\ncy.get('.comment-form button').click();\ncy.contains(commentText).should('be.visible');",
              "err": {},
              "uuid": "dbd07ee7-34ba-49cd-90a3-7030489b1723",
              "parentUUID": "5bc081bf-8df2-4257-8150-094afdc126d7",
              "isHook": false,
              "skipped": false
            },
            {
              "title": "should keep the send button disabled when comment is empty",
              "fullTitle": "Post Detail should keep the send button disabled when comment is empty",
              "timedOut": null,
              "duration": 333,
              "state": "passed",
              "speed": "fast",
              "pass": true,
              "fail": false,
              "pending": false,
              "context": null,
              "code": "visitFirstPost();\ncy.get('.comment-form button').should('be.disabled');",
              "err": {},
              "uuid": "1fe3d06e-888e-4849-8b66-c738500150d0",
              "parentUUID": "5bc081bf-8df2-4257-8150-094afdc126d7",
              "isHook": false,
              "skipped": false
            },
            {
              "title": "should navigate back on back button click",
              "fullTitle": "Post Detail should navigate back on back button click",
              "timedOut": null,
              "duration": 441,
              "state": "passed",
              "speed": "fast",
              "pass": true,
              "fail": false,
              "pending": false,
              "context": null,
              "code": "visitFirstPost();\ncy.contains('button', /retour/i).click();\ncy.url().should('include', '/feed');",
              "err": {},
              "uuid": "25abb98e-94cc-46e9-9103-5c050db534ae",
              "parentUUID": "5bc081bf-8df2-4257-8150-094afdc126d7",
              "isHook": false,
              "skipped": false
            }
          ],
          "suites": [],
          "passes": [
            "12961ef2-6652-4fa9-b302-02af729d8d7f",
            "bd8bb12f-71ba-4d9f-a881-f1a9142543cf",
            "dbd07ee7-34ba-49cd-90a3-7030489b1723",
            "1fe3d06e-888e-4849-8b66-c738500150d0",
            "25abb98e-94cc-46e9-9103-5c050db534ae"
          ],
          "failures": [],
          "pending": [],
          "skipped": [],
          "duration": 2700,
          "root": false,
          "rootEmpty": false,
          "_timeout": 2000
        }
      ],
      "passes": [],
      "failures": [],
      "pending": [],
      "skipped": [],
      "duration": 0,
      "root": true,
      "rootEmpty": true,
      "_timeout": 2000
    },
    {
      "uuid": "e718a067-fc39-48d4-be2f-09cd8e705ca0",
      "title": "",
      "fullFile": "cypress\\e2e\\topics\\topics.cy.ts",
      "file": "cypress\\e2e\\topics\\topics.cy.ts",
      "beforeHooks": [],
      "afterHooks": [],
      "tests": [],
      "suites": [
        {
          "uuid": "1cec6e5f-0bf6-4049-94e4-80cd47011e4c",
          "title": "Topics",
          "fullFile": "",
          "file": "",
          "beforeHooks": [],
          "afterHooks": [],
          "tests": [
            {
              "title": "should display the list of all topics",
              "fullTitle": "Topics should display the list of all topics",
              "timedOut": null,
              "duration": 533,
              "state": "passed",
              "speed": "fast",
              "pass": true,
              "fail": false,
              "pending": false,
              "context": null,
              "code": "cy.get('mat-card.topic-card').should('have.length', 5);",
              "err": {},
              "uuid": "7c9c3c08-3d1b-48ba-bd72-23158cea301d",
              "parentUUID": "1cec6e5f-0bf6-4049-94e4-80cd47011e4c",
              "isHook": false,
              "skipped": false
            },
            {
              "title": "should show subscribe and unsubscribe buttons depending on subscriptions",
              "fullTitle": "Topics should show subscribe and unsubscribe buttons depending on subscriptions",
              "timedOut": null,
              "duration": 249,
              "state": "passed",
              "speed": "fast",
              "pass": true,
              "fail": false,
              "pending": false,
              "context": null,
              "code": "// alice est abonnée à JS + Python → boutons warn ; les autres → boutons primary\ncy.get('mat-card.topic-card button[color=\"primary\"]').should('have.length.at.least', 1);\ncy.get('mat-card.topic-card button[color=\"warn\"]').should('have.length.at.least', 1);",
              "err": {},
              "uuid": "cb6b2da7-3182-45e7-a61a-4d4d51dae9cf",
              "parentUUID": "1cec6e5f-0bf6-4049-94e4-80cd47011e4c",
              "isHook": false,
              "skipped": false
            },
            {
              "title": "should subscribe to a topic and update the button",
              "fullTitle": "Topics should subscribe to a topic and update the button",
              "timedOut": null,
              "duration": 389,
              "state": "passed",
              "speed": "fast",
              "pass": true,
              "fail": false,
              "pending": false,
              "context": null,
              "code": "cy.contains('mat-card.topic-card', 'Web3')\n    .find('button[color=\"primary\"]')\n    .click();\ncy.contains('mat-card.topic-card', 'Web3')\n    .find('button[color=\"warn\"]')\n    .should('be.visible');\n// Nettoyage\ncy.contains('mat-card.topic-card', 'Web3')\n    .find('button[color=\"warn\"]')\n    .click();",
              "err": {},
              "uuid": "31c490fc-c7ab-40d9-8678-b5f84b4a647d",
              "parentUUID": "1cec6e5f-0bf6-4049-94e4-80cd47011e4c",
              "isHook": false,
              "skipped": false
            },
            {
              "title": "should unsubscribe from a topic and update the button",
              "fullTitle": "Topics should unsubscribe from a topic and update the button",
              "timedOut": null,
              "duration": 365,
              "state": "passed",
              "speed": "fast",
              "pass": true,
              "fail": false,
              "pending": false,
              "context": null,
              "code": "cy.contains('mat-card.topic-card', 'JavaScript')\n    .find('button[color=\"warn\"]')\n    .click();\ncy.contains('mat-card.topic-card', 'JavaScript')\n    .find('button[color=\"primary\"]')\n    .should('be.visible');\n// Nettoyage\ncy.contains('mat-card.topic-card', 'JavaScript')\n    .find('button[color=\"primary\"]')\n    .click();",
              "err": {},
              "uuid": "32e28205-e4d6-40de-b205-2a566d8eed22",
              "parentUUID": "1cec6e5f-0bf6-4049-94e4-80cd47011e4c",
              "isHook": false,
              "skipped": false
            }
          ],
          "suites": [],
          "passes": [
            "7c9c3c08-3d1b-48ba-bd72-23158cea301d",
            "cb6b2da7-3182-45e7-a61a-4d4d51dae9cf",
            "31c490fc-c7ab-40d9-8678-b5f84b4a647d",
            "32e28205-e4d6-40de-b205-2a566d8eed22"
          ],
          "failures": [],
          "pending": [],
          "skipped": [],
          "duration": 1536,
          "root": false,
          "rootEmpty": false,
          "_timeout": 2000
        }
      ],
      "passes": [],
      "failures": [],
      "pending": [],
      "skipped": [],
      "duration": 0,
      "root": true,
      "rootEmpty": true,
      "_timeout": 2000
    },
    {
      "uuid": "ef7a7b68-8deb-4ee5-9efa-6afae8d706b5",
      "title": "",
      "fullFile": "cypress\\e2e\\feed\\feed.cy.ts",
      "file": "cypress\\e2e\\feed\\feed.cy.ts",
      "beforeHooks": [],
      "afterHooks": [],
      "tests": [],
      "suites": [
        {
          "uuid": "a0eb731e-4059-4dce-8887-60b59fff768f",
          "title": "Feed",
          "fullFile": "",
          "file": "",
          "beforeHooks": [],
          "afterHooks": [],
          "tests": [
            {
              "title": "should display the list of posts from subscribed topics",
              "fullTitle": "Feed should display the list of posts from subscribed topics",
              "timedOut": null,
              "duration": 804,
              "state": "passed",
              "speed": "fast",
              "pass": true,
              "fail": false,
              "pending": false,
              "context": null,
              "code": "cy.get('.post-card').should('have.length.at.least', 1);",
              "err": {},
              "uuid": "befa7170-6812-4aa3-8696-1ea4cbfec6b0",
              "parentUUID": "a0eb731e-4059-4dce-8887-60b59fff768f",
              "isHook": false,
              "skipped": false
            },
            {
              "title": "should display an empty state when user has no subscriptions",
              "fullTitle": "Feed should display an empty state when user has no subscriptions",
              "timedOut": null,
              "duration": 461,
              "state": "passed",
              "speed": "fast",
              "pass": true,
              "fail": false,
              "pending": false,
              "context": null,
              "code": "const unique = Date.now();\ncy.request('POST', '/api/auth/register', {\n    email: `fresh${unique}@test.com`,\n    username: `fresh${unique}`,\n    password: 'Test@1234',\n}).then((res) => {\n    localStorage.setItem('mdd_token', res.body.token);\n});\ncy.visit('/feed');\ncy.get('.empty-state').should('be.visible');",
              "err": {},
              "uuid": "c0d9aa8b-5969-4309-a069-0250835e7b4f",
              "parentUUID": "a0eb731e-4059-4dce-8887-60b59fff768f",
              "isHook": false,
              "skipped": false
            },
            {
              "title": "should switch to ascending sort order",
              "fullTitle": "Feed should switch to ascending sort order",
              "timedOut": null,
              "duration": 320,
              "state": "passed",
              "speed": "fast",
              "pass": true,
              "fail": false,
              "pending": false,
              "context": null,
              "code": "cy.get('.post-card').should('have.length.at.least', 2);\n// En état initial (desc), le bouton affiche \"Plus récent\" — cliquer bascule en asc\ncy.contains('button', /plus récent/i).click();\ncy.contains('button', /plus ancien/i).should('be.visible');",
              "err": {},
              "uuid": "60801d86-07b7-4c05-9e0a-be3ba275aa66",
              "parentUUID": "a0eb731e-4059-4dce-8887-60b59fff768f",
              "isHook": false,
              "skipped": false
            },
            {
              "title": "should switch back to descending sort order",
              "fullTitle": "Feed should switch back to descending sort order",
              "timedOut": null,
              "duration": 405,
              "state": "passed",
              "speed": "fast",
              "pass": true,
              "fail": false,
              "pending": false,
              "context": null,
              "code": "cy.get('.post-card').should('have.length.at.least', 2);\ncy.contains('button', /plus récent/i).click();\ncy.contains('button', /plus ancien/i).click();\ncy.contains('button', /plus récent/i).should('be.visible');",
              "err": {},
              "uuid": "7ea2379d-2d3f-4496-8827-e1a8b90aacab",
              "parentUUID": "a0eb731e-4059-4dce-8887-60b59fff768f",
              "isHook": false,
              "skipped": false
            },
            {
              "title": "should navigate to post detail on card click",
              "fullTitle": "Feed should navigate to post detail on card click",
              "timedOut": null,
              "duration": 310,
              "state": "passed",
              "speed": "fast",
              "pass": true,
              "fail": false,
              "pending": false,
              "context": null,
              "code": "cy.get('.post-card').first().click();\ncy.url().should('match', /\\/posts\\/\\d+/);",
              "err": {},
              "uuid": "0b852e98-f46c-42a8-9a35-d7f3a66ff9d0",
              "parentUUID": "a0eb731e-4059-4dce-8887-60b59fff768f",
              "isHook": false,
              "skipped": false
            },
            {
              "title": "should navigate to create post page",
              "fullTitle": "Feed should navigate to create post page",
              "timedOut": null,
              "duration": 279,
              "state": "passed",
              "speed": "fast",
              "pass": true,
              "fail": false,
              "pending": false,
              "context": null,
              "code": "cy.contains('button', /créer un article/i).click();\ncy.url().should('include', '/posts/new');",
              "err": {},
              "uuid": "de922212-93fa-4e19-a999-d7855c79424e",
              "parentUUID": "a0eb731e-4059-4dce-8887-60b59fff768f",
              "isHook": false,
              "skipped": false
            }
          ],
          "suites": [],
          "passes": [
            "befa7170-6812-4aa3-8696-1ea4cbfec6b0",
            "c0d9aa8b-5969-4309-a069-0250835e7b4f",
            "60801d86-07b7-4c05-9e0a-be3ba275aa66",
            "7ea2379d-2d3f-4496-8827-e1a8b90aacab",
            "0b852e98-f46c-42a8-9a35-d7f3a66ff9d0",
            "de922212-93fa-4e19-a999-d7855c79424e"
          ],
          "failures": [],
          "pending": [],
          "skipped": [],
          "duration": 2579,
          "root": false,
          "rootEmpty": false,
          "_timeout": 2000
        }
      ],
      "passes": [],
      "failures": [],
      "pending": [],
      "skipped": [],
      "duration": 0,
      "root": true,
      "rootEmpty": true,
      "_timeout": 2000
    }
  ],
  "meta": {
    "mocha": {
      "version": "7.2.0"
    },
    "mochawesome": {
      "options": {
        "quiet": false,
        "reportFilename": "mochawesome",
        "saveHtml": false,
        "saveJson": true,
        "consoleReporter": "spec",
        "useInlineDiffs": false,
        "code": true
      },
      "version": "7.1.4"
    },
    "marge": {
      "options": {
        "reportDir": "cypress/results/raw",
        "overwrite": false,
        "html": false,
        "json": true
      },
      "version": "6.3.2"
    }
  }
}